<component name="libraryTable">
  <library name="junit-jupiter-api-5.9.1">
    <CLASSES>
      <root url="jar://$PROJECT_DIR$/../../jar/junit-jupiter-api-5.9.1.jar!/" />
      <root url="jar://$PROJECT_DIR$/../../jar/log4j-1.2.17.jar!/" />
      <root url="jar://$PROJECT_DIR$/../../jar/ORACLE version 19 ojdbc10.jar!/" />
      <root url="jar://$PROJECT_DIR$/../../jar/026 -tool hamcrest-core-1.3.jar!/" />
      <root url="jar://$PROJECT_DIR$/../../jar/026 - tool h2-1.4.199.jar!/" />
    </CLASSES>
    <JAVADOC />
    <SOURCES />
  </library>
</component>